<?xml version="1.0" encoding="UTF-8"?>
<!-- Generated by org.testng.reporters.JUnitReportReporter -->
<testsuite hostname="Shika-Laptop" failures="0" tests="1" name="openApi.Auth" time="1.583" errors="0" timestamp="2023-06-27T06:49:06 EDT" skipped="0">
  <testcase classname="openApi.Auth" name="BearerToken" time="1.583"/>
  <system-out/>
</testsuite> <!-- openApi.Auth -->
