<?xml version="1.0" encoding="UTF-8"?>
<!-- Generated by org.testng.reporters.JUnitReportReporter -->
<testsuite hostname="Shika-Laptop" failures="0" tests="1" name="openApi.Crudoperations" time="1.395" errors="0" timestamp="2023-06-26T17:17:22 EDT" skipped="0">
  <testcase classname="openApi.Crudoperations" name="DeleteCall" time="1.395"/>
  <system-out/>
</testsuite> <!-- openApi.Crudoperations -->
