<?xml version="1.0" encoding="UTF-8"?>
<!-- Generated by org.testng.reporters.JUnitReportReporter -->
<testsuite hostname="Shika-Laptop" failures="0" tests="1" name="apiTest.GetCall" time="1.631" errors="0" timestamp="2023-06-25T13:43:16 EDT" skipped="0">
  <testcase classname="apiTest.GetCall" name="deletecall" time="1.631"/>
  <system-out/>
</testsuite> <!-- apiTest.GetCall -->
