<?xml version="1.0" encoding="UTF-8"?>
<!-- Generated by org.testng.reporters.JUnitReportReporter -->
<testsuite hostname="Shika-Laptop" failures="0" tests="3" name="apiTest.Auth" time="2.300" errors="0" timestamp="2023-06-25T14:06:30 EDT" skipped="0">
  <testcase classname="apiTest.Auth" name="basicauth" time="1.758"/>
  <system-out/>
  <testcase classname="apiTest.Auth" name="bearertoken" time="0.294"/>
  <system-out/>
  <testcase classname="apiTest.Auth" name="digestauth" time="0.248"/>
  <system-out/>
</testsuite> <!-- apiTest.Auth -->
