<?xml version="1.0" encoding="UTF-8"?>
<!-- Generated by org.testng.reporters.JUnitReportReporter -->
<testsuite hostname="Shika-Laptop" failures="0" tests="3" name="roicians.Testnew" time="0.010" errors="0" timestamp="2023-06-19T14:24:13 EDT" skipped="0">
  <testcase classname="roicians.Testnew" name="writetestcases" time="0.005"/>
  <system-out/>
  <testcase classname="roicians.Testnew" name="executetestcases" time="0.004"/>
  <system-out/>
  <testcase classname="roicians.Testnew" name="Defect" time="0.001"/>
  <system-out/>
</testsuite> <!-- roicians.Testnew -->
