<?xml version="1.0" encoding="UTF-8"?>
<!-- Generated by org.testng.reporters.JUnitReportReporter -->
<testsuite hostname="Shika-Laptop" failures="0" tests="3" name="roicians.TestSelenium" time="10.745" errors="0" timestamp="2023-06-19T14:24:13 EDT" skipped="0">
  <testcase classname="roicians.TestSelenium" name="display" time="3.393"/>
  <system-out/>
  <testcase classname="roicians.TestSelenium" name="display" time="3.904"/>
  <system-out/>
  <testcase classname="roicians.TestSelenium" name="display" time="3.448"/>
  <system-out/>
</testsuite> <!-- roicians.TestSelenium -->
