<?xml version="1.0" encoding="UTF-8"?>
<!-- Generated by org.testng.reporters.JUnitReportReporter -->
<testsuite hostname="Shika-Laptop" failures="0" tests="2" name="roicians.Testn" time="11.831" errors="0" timestamp="2023-06-17T15:39:23 EDT" skipped="0">
  <testcase classname="roicians.Testn" name="validcase" time="5.124"/>
  <system-out/>
  <testcase classname="roicians.Testn" name="invalidcase" time="6.707"/>
  <system-out/>
</testsuite> <!-- roicians.Testn -->
