<?xml version="1.0" encoding="UTF-8"?>
<!-- Generated by org.testng.reporters.JUnitReportReporter -->
<testsuite hostname="Shika-Laptop" failures="0" tests="1" name="testLayer.YourAddressTest" time="0.000" errors="0" timestamp="2023-08-23T16:50:37 EDT" skipped="1">
  <testcase classname="testLayer.YourAddressTest" name="User_Must_be_able_to_add_address" time="0.000">
    <skipped/>
  </testcase> <!-- User_Must_be_able_to_add_address -->
  <system-out/>
</testsuite> <!-- testLayer.YourAddressTest -->
