<?xml version="1.0" encoding="UTF-8"?>
<!-- Generated by org.testng.reporters.JUnitReportReporter -->
<testsuite hostname="Shika-Laptop" failures="0" tests="1" name="testLayer.LoginSecurityTest" time="0.000" errors="0" timestamp="2023-08-23T16:50:37 EDT" skipped="1">
  <testcase classname="testLayer.LoginSecurityTest" name="user_must_be_able_to_edit_securityDetails" time="0.000">
    <skipped/>
  </testcase> <!-- user_must_be_able_to_edit_securityDetails -->
  <system-out/>
</testsuite> <!-- testLayer.LoginSecurityTest -->
