<?xml version="1.0" encoding="UTF-8"?>
<!-- Generated by org.testng.reporters.JUnitReportReporter -->
<testsuite hostname="Shika-Laptop" failures="0" tests="1" name="testLayer.CreateAccountFormTest" time="1.992" errors="0" timestamp="2023-08-23T16:43:49 EDT" skipped="0">
  <testcase classname="testLayer.CreateAccountFormTest" name="signup_should_pass_on_valid_entry" time="1.992"/>
  <system-out/>
</testsuite> <!-- testLayer.CreateAccountFormTest -->
