<?xml version="1.0" encoding="UTF-8"?>
<!-- Generated by org.testng.reporters.JUnitReportReporter -->
<testsuite hostname="Shika-Laptop" failures="0" tests="1" name="testLayer.ShoppingCartTest" time="0.001" errors="0" timestamp="2023-08-23T16:50:37 EDT" skipped="1">
  <testcase classname="testLayer.ShoppingCartTest" name="user_must_be_able_to_add_items_to_cart" time="0.001">
    <skipped/>
  </testcase> <!-- user_must_be_able_to_add_items_to_cart -->
  <system-out/>
</testsuite> <!-- testLayer.ShoppingCartTest -->
